v4.3.7
IMFX = true
Open Limit Adjuster = true
VehFuncs = true

Mod: Language = 2
Mod: Enabled = true 
Mod: SAMPdisadvantage = true 
System: ProcessPriority = 5
Gameplay: NoReplay = true 
Gameplay: FixMouseStuck = true 
Graphics: DisplayDialogAnyAR = true 
Graphics: ForceAnisotropic = true 
Graphics: Anisotropic = 16
Graphics: FxEmissionRateMult = 2.000000
Graphics: FxDistanceMult = 3.000000
Simple Limit Adjuster: EnexEntries = 2
Simple Limit Adjuster: CarMatPipeDataPool = 4
Densities: PedPopulationMult = 1.000000
Densities: VehPopulationMult = 1.000000
Interface: WeaponIconScaleFix = true 
Interface: VehColorGridSize = 0.700000
World: HowManyMinsInDay = 48

Done read ini on game init

System: StreamMemory = 1024
System: SkipShutdown = true 
Graphics: MotionBlurAlpha = 10
Graphics: LicenseTextFilter = 3
Graphics: TextureFilterMin = 3
Graphics: TextureFilterMax = 3
Graphics: StencilShadowA = 100
Graphics: UseHighPedShadows = 0
Graphics: No3DGunflash = true 
Graphics: Fix2DGunflash = true 
Fix2DGunflash disabled because you are already using gunflash IMFX fix.
Graphics: PlaneTrailsSegments = 1000
Graphics: RainGroundSplashNum = 7.000000
Graphics: RainGroundSplashSize = 0.040000
Graphics: HeadlightSmoothMov = true 
Graphics: VehShadowSmoothMov = true 
Graphics: SunBlockedByVehicles = true 
Graphics: SunBlockedByPeds = true 
Graphics: SunBlockedByObjects = true 
Graphics: BulletDustSize = 0.200000
Graphics: TireSmk_StartSize = 0.500000
Graphics: TireSmk_DriftSize = 0.600000
Graphics: TireSmk_BrakeSize = 0.300000
Graphics: TireSmk_Life = 0.600000
Graphics: TireSmk_UpForce = 0.200000
Graphics: TireSmk_LumMin = 0.800000
Graphics: TireSmk_LumMax = 1.000000
Graphics: TireSmk_Alpha = 0.600000
Graphics: TireSmk_DriftAlpha = 0.500000
Graphics: TireEff_DustLife = 0.170000
Graphics: TireEff_DustSize = 0.500000
Graphics: TireEff_DustUpForce = 0.700000
Graphics: PlaneSmokeLife = 0.600000
Graphics: TaxiLights = true 
Graphics: BulletTraceThickness = 0.050000
Graphics: BulletTraceAlpha = 60
Graphics: BulletTraceRGB = 16777152
Graphics: RopeAlpha = 150
Graphics: WaterFogDensity = 10
Graphics: CameraPhotoQuality = 90
Graphics: MediumGrassDistMult = 1.000000
Graphics: FireCoronaSize = 2.000000
Graphics: FireLensflare = 1
Graphics: NoFireCoronas = true 
Graphics: HideWeaponsOnVehicle = true 
Graphics: ShadowsHeight = 0.025000
Graphics: ShadowsHeightHack = 30.000000
Graphics: WaveLightingCamHei = 0.100000
Graphics: WaveLightingMult = 1.500000
Graphics: BoatFoamLightingFix = 1.000000
Graphics: NoWavesIfCamHeight = 150.000000
Gameplay: ScrollReloadFix = true 
Gameplay: VehBurnEngineBroke = true 
Gameplay: ParaLandingFix = true 
Gameplay: NoGarageRadioChange = true 
Gameplay: NoEmergencyMisWanted = true 
Gameplay: SCMfixes = true 
Gameplay: TuningChoose2colors = true 
Gameplay: UseLureRancher = true 
Gameplay: BikePedImpact = -0.200000
Gameplay: CarPedImpact = -0.050000
Gameplay: VehPedImpactUpForce = -1.500000
Gameplay: VehExploDamage = 0.500000
Gameplay: VehBulletDamage = 0.100000
Gameplay: VehFireDamage = 0.100000
Gameplay: NoTutorials = true 
Gameplay: BrakePower = 0.500000
Gameplay: BrakeMin = 0.200000
Gameplay: NoFixHandsToBars = true 
Gameplay: BrakeReverseFix = true 
Gameplay: DeadPedFreezeDelay = 5000
Gameplay: NoWheelTurnBack = true 
Gameplay: WheelTurnSpeed = 0.100000
Gameplay: NoPauseWhenUnfocus = true 
Gameplay: NoPaintjobToWhite = true 
Gameplay: NoIdleCam = true 
Gameplay: KeepLightEngineOff = true 
Gameplay: NoUniqueJumpsCam = true 
Gameplay: NoUniqueJumpsSlow = true 
Gameplay: FixMouseSensibility = true 
Gameplay: HostileGangs = true 
Gameplay: Fix247Randomness = true 
Gameplay: FixBoatRadioAnim = true 
Gameplay: NoStuntReward = true 
Gameplay: FixTwoPlayerVehSound = true 
Gameplay: MaxStarToCreateEmVeh = 5
Gameplay: NoCinematicCam = true 
Gameplay: SniperBulletLife = 3000
Gameplay: RocketLife = 6000
Gameplay: HSRocketLife = 12000
Gameplay: HSRocketSpeed = 0.300000
Gameplay: RocketSpeed = 0.500000
Gameplay: NoPedVehDive = true 
Gameplay: NoPedVehHandsUp = true 
Gameplay: VehCamHeightOffset = 0.400000
Gameplay: DuckAnyWeapon = true 
Gameplay: SmoothAimIK = true 
Gameplay: FixDoubleSkidmark = true 
Densities: VehLodDist = 150.000000
Densities: VehDrawDist = 270.000000
Densities: CullDistNormalComps = 80.000000
Densities: VehOccupDrawDist = 60.000000
Densities: CullDistBigComps = 200.000000
Densities: VehMultiPassDist = 100.000000
Densities: PedDrawDist = 150.000000
Densities: RoadblockSpawnDist = 180.000000
Densities: GangWaveMaxSpawnDist = 100.000000
Densities: GangWaveMinSpawnDist = 40.000000
Densities: PedDensityExt = 1.000000
Densities: VehDensity = 1.000000
Densities: VehDespawnOnScr = 250.000000
Densities: VehDespawnOffScr = 150.000000
Densities: PedDespawnOnScr = 160.000000
Densities: PedDespawnOffScr = 120.000000
Densities: PedSpawnOnScr = 100.000000
Densities: PedSpawnOffScr = 80.000000
Densities: TowelDespawnOnScr = 100.000000
Densities: TowelDespawnOffScr = 150.000000
Densities: TrainSpawnDistance = 500.000000
Densities: MaxGrassDist = 80.000000
Densities: PedWeaponDrawDist = 2.000000
Densities: DeadPedDeleteDelay = 50000
Densities: ShadDist_Vehicles = 120.000000
Densities: ShadDist_SmallPlanes = 300.000000
Densities: ShadDist_BigPlanes = 500.000000
Densities: ShadDist_Peds = 100.000000
Densities: LighDist_VehLight = 120.000000
Densities: ShadHeiLim_Aircraft = 200.000000
Densities: VehLimit = 255
Densities: PedLimit = 35
Densities: FootstepsDist = 30.000000
Densities: FootstepsTime = 4000
Densities: FootstepsTimeBlood = 7000
Densities: TimeExplosionTex = 50000
Densities: TimeBloodstainNPC = 7000
Densities: TimeBloodstainPlayer = 14000
Densities: TimeBloodpoolTex = 60000
Densities: TimeBleedingTex = 8000
Densities: PickupsDrawDist = 200.000000
Densities: TimePickupShort = 50000
Densities: TimePickupLong = 150000
Densities: TimePickupMoney = 40000
Densities: ShadDist_AllPerm = 80.000000
Densities: ShadDist_Poles = 80.000000
Densities: LighDist_TrafficL = 60.000000
Densities: LighDist_Fire = 60.000000
Densities: LighDist_Entities = 80.000000
Skid Marks: SkidRate = 70
Skid Marks: SkidHeight = 0.070000
Skid Marks: SkdVeryShort_FadeStr = 7000
Skid Marks: SkdVeryShort_FadeEnd = 12000
Skid Marks: SkdShort_FadeStr = 10000
Skid Marks: SkdShort_FadeEnd = 20000
Skid Marks: SkdMedium_FadeStr = 18000
Skid Marks: SkdMedium_FadeEnd = 26000
Skid Marks: SkdLong_FadeStr = 20000
Skid Marks: SkdLong_FadeEnd = 30000
Skid Marks: SkdThread_FadeStr = 25000
Skid Marks: SkdThread_FadeEnd = 35000
Interface: NoMoneyZeros = true 
Interface: ColorableRadarDisc = true 
Interface: NoMinimapOnInteriors = true 
Audio: SirenOnWithoutDriver = true 
Rhino: RhinoFirePush = 0.050000
Rhino: RhinoFireRange = 100.000000

Done read ini on first frame

